mode: set
github.com/Trinoooo/eggie_kv/storage/core/ragdoll/wal/lru.go:19.28,25.2 1 1
github.com/Trinoooo/eggie_kv/storage/core/ragdoll/wal/lru.go:27.51,32.12 4 1
github.com/Trinoooo/eggie_kv/storage/core/ragdoll/wal/lru.go:32.12,34.3 1 1
github.com/Trinoooo/eggie_kv/storage/core/ragdoll/wal/lru.go:36.2,37.29 2 1
github.com/Trinoooo/eggie_kv/storage/core/ragdoll/wal/lru.go:40.58,45.11 4 1
github.com/Trinoooo/eggie_kv/storage/core/ragdoll/wal/lru.go:45.11,52.3 3 1
github.com/Trinoooo/eggie_kv/storage/core/ragdoll/wal/lru.go:54.2,58.31 2 1
github.com/Trinoooo/eggie_kv/storage/core/ragdoll/wal/lru.go:58.31,62.3 3 1
github.com/Trinoooo/eggie_kv/storage/core/ragdoll/wal/lru.go:63.2,63.12 1 1
github.com/Trinoooo/eggie_kv/storage/core/ragdoll/wal/segment.go:57.54,62.2 4 1
github.com/Trinoooo/eggie_kv/storage/core/ragdoll/wal/segment.go:64.45,65.29 1 1
github.com/Trinoooo/eggie_kv/storage/core/ragdoll/wal/segment.go:65.29,67.3 1 1
github.com/Trinoooo/eggie_kv/storage/core/ragdoll/wal/segment.go:69.2,70.16 2 1
github.com/Trinoooo/eggie_kv/storage/core/ragdoll/wal/segment.go:73.50,78.16 2 1
github.com/Trinoooo/eggie_kv/storage/core/ragdoll/wal/segment.go:78.16,80.3 1 0
github.com/Trinoooo/eggie_kv/storage/core/ragdoll/wal/segment.go:82.2,84.16 3 1
github.com/Trinoooo/eggie_kv/storage/core/ragdoll/wal/segment.go:84.16,86.3 1 0
github.com/Trinoooo/eggie_kv/storage/core/ragdoll/wal/segment.go:88.2,89.16 2 1
github.com/Trinoooo/eggie_kv/storage/core/ragdoll/wal/segment.go:89.16,91.3 1 0
github.com/Trinoooo/eggie_kv/storage/core/ragdoll/wal/segment.go:93.2,98.16 6 1
github.com/Trinoooo/eggie_kv/storage/core/ragdoll/wal/segment.go:98.16,100.3 1 0
github.com/Trinoooo/eggie_kv/storage/core/ragdoll/wal/segment.go:101.2,103.12 3 1
github.com/Trinoooo/eggie_kv/storage/core/ragdoll/wal/segment.go:106.35,108.16 2 1
github.com/Trinoooo/eggie_kv/storage/core/ragdoll/wal/segment.go:108.16,110.3 1 0
github.com/Trinoooo/eggie_kv/storage/core/ragdoll/wal/segment.go:112.2,113.16 2 1
github.com/Trinoooo/eggie_kv/storage/core/ragdoll/wal/segment.go:113.16,115.3 1 0
github.com/Trinoooo/eggie_kv/storage/core/ragdoll/wal/segment.go:117.2,119.12 3 1
github.com/Trinoooo/eggie_kv/storage/core/ragdoll/wal/segment.go:123.46,127.27 4 1
github.com/Trinoooo/eggie_kv/storage/core/ragdoll/wal/segment.go:127.27,129.3 1 1
github.com/Trinoooo/eggie_kv/storage/core/ragdoll/wal/segment.go:131.2,137.12 4 1
github.com/Trinoooo/eggie_kv/storage/core/ragdoll/wal/segment.go:142.34,146.21 3 1
github.com/Trinoooo/eggie_kv/storage/core/ragdoll/wal/segment.go:146.21,148.3 1 1
github.com/Trinoooo/eggie_kv/storage/core/ragdoll/wal/segment.go:150.2,150.6 1 1
github.com/Trinoooo/eggie_kv/storage/core/ragdoll/wal/segment.go:150.6,151.28 1 1
github.com/Trinoooo/eggie_kv/storage/core/ragdoll/wal/segment.go:151.28,152.9 1 1
github.com/Trinoooo/eggie_kv/storage/core/ragdoll/wal/segment.go:154.3,155.17 2 1
github.com/Trinoooo/eggie_kv/storage/core/ragdoll/wal/segment.go:155.17,157.4 1 0
github.com/Trinoooo/eggie_kv/storage/core/ragdoll/wal/segment.go:159.3,159.22 1 1
github.com/Trinoooo/eggie_kv/storage/core/ragdoll/wal/segment.go:161.2,164.16 3 1
github.com/Trinoooo/eggie_kv/storage/core/ragdoll/wal/segment.go:164.16,166.3 1 0
github.com/Trinoooo/eggie_kv/storage/core/ragdoll/wal/segment.go:168.2,168.12 1 1
github.com/Trinoooo/eggie_kv/storage/core/ragdoll/wal/segment.go:171.53,172.35 1 0
github.com/Trinoooo/eggie_kv/storage/core/ragdoll/wal/segment.go:172.35,173.44 1 0
github.com/Trinoooo/eggie_kv/storage/core/ragdoll/wal/segment.go:173.44,175.4 1 0
github.com/Trinoooo/eggie_kv/storage/core/ragdoll/wal/segment.go:178.2,178.32 1 0
github.com/Trinoooo/eggie_kv/storage/core/ragdoll/wal/segment.go:181.56,183.51 1 1
github.com/Trinoooo/eggie_kv/storage/core/ragdoll/wal/segment.go:183.51,188.17 5 0
github.com/Trinoooo/eggie_kv/storage/core/ragdoll/wal/segment.go:188.17,190.4 1 0
github.com/Trinoooo/eggie_kv/storage/core/ragdoll/wal/segment.go:192.3,192.16 1 0
github.com/Trinoooo/eggie_kv/storage/core/ragdoll/wal/segment.go:195.2,205.16 8 1
github.com/Trinoooo/eggie_kv/storage/core/ragdoll/wal/segment.go:205.16,207.3 1 0
github.com/Trinoooo/eggie_kv/storage/core/ragdoll/wal/segment.go:208.2,212.16 5 1
github.com/Trinoooo/eggie_kv/storage/core/ragdoll/wal/segment.go:212.16,214.3 1 0
github.com/Trinoooo/eggie_kv/storage/core/ragdoll/wal/segment.go:215.2,215.18 1 1
github.com/Trinoooo/eggie_kv/storage/core/ragdoll/wal/segment.go:218.36,220.19 2 1
github.com/Trinoooo/eggie_kv/storage/core/ragdoll/wal/segment.go:220.19,222.3 1 1
github.com/Trinoooo/eggie_kv/storage/core/ragdoll/wal/segment.go:222.8,224.3 1 0
github.com/Trinoooo/eggie_kv/storage/core/ragdoll/wal/segment.go:226.2,227.16 2 1
github.com/Trinoooo/eggie_kv/storage/core/ragdoll/wal/segment.go:227.16,229.3 1 0
github.com/Trinoooo/eggie_kv/storage/core/ragdoll/wal/segment.go:231.2,231.12 1 1
github.com/Trinoooo/eggie_kv/storage/core/ragdoll/wal/segment.go:234.58,236.15 2 1
github.com/Trinoooo/eggie_kv/storage/core/ragdoll/wal/segment.go:236.15,238.3 1 1
github.com/Trinoooo/eggie_kv/storage/core/ragdoll/wal/segment.go:239.2,239.13 1 1
github.com/Trinoooo/eggie_kv/storage/core/ragdoll/wal/segment.go:242.54,246.16 4 1
github.com/Trinoooo/eggie_kv/storage/core/ragdoll/wal/segment.go:246.16,248.3 1 0
github.com/Trinoooo/eggie_kv/storage/core/ragdoll/wal/segment.go:249.2,249.42 1 1
github.com/Trinoooo/eggie_kv/storage/core/ragdoll/wal/segment.go:255.53,265.37 9 1
github.com/Trinoooo/eggie_kv/storage/core/ragdoll/wal/segment.go:265.37,267.3 1 1
github.com/Trinoooo/eggie_kv/storage/core/ragdoll/wal/segment.go:268.2,269.12 2 1
github.com/Trinoooo/eggie_kv/storage/core/ragdoll/wal/segment.go:273.61,279.6 5 1
github.com/Trinoooo/eggie_kv/storage/core/ragdoll/wal/segment.go:279.6,280.31 1 1
github.com/Trinoooo/eggie_kv/storage/core/ragdoll/wal/segment.go:280.31,281.9 1 1
github.com/Trinoooo/eggie_kv/storage/core/ragdoll/wal/segment.go:284.3,285.17 2 1
github.com/Trinoooo/eggie_kv/storage/core/ragdoll/wal/segment.go:285.17,287.4 1 0
github.com/Trinoooo/eggie_kv/storage/core/ragdoll/wal/segment.go:289.3,295.24 4 1
github.com/Trinoooo/eggie_kv/storage/core/ragdoll/wal/segment.go:298.2,298.35 1 1
github.com/Trinoooo/eggie_kv/storage/core/ragdoll/wal/segment.go:302.60,304.27 1 1
github.com/Trinoooo/eggie_kv/storage/core/ragdoll/wal/segment.go:304.27,306.3 1 0
github.com/Trinoooo/eggie_kv/storage/core/ragdoll/wal/segment.go:307.2,315.37 9 1
github.com/Trinoooo/eggie_kv/storage/core/ragdoll/wal/segment.go:315.37,316.32 1 1
github.com/Trinoooo/eggie_kv/storage/core/ragdoll/wal/segment.go:316.32,318.4 1 0
github.com/Trinoooo/eggie_kv/storage/core/ragdoll/wal/segment.go:320.2,320.37 1 1
github.com/Trinoooo/eggie_kv/storage/core/ragdoll/wal/wal.go:40.28,42.2 1 1
github.com/Trinoooo/eggie_kv/storage/core/ragdoll/wal/wal.go:44.65,47.2 2 1
github.com/Trinoooo/eggie_kv/storage/core/ragdoll/wal/wal.go:49.63,52.2 2 1
github.com/Trinoooo/eggie_kv/storage/core/ragdoll/wal/wal.go:54.65,57.2 2 1
github.com/Trinoooo/eggie_kv/storage/core/ragdoll/wal/wal.go:59.73,62.2 2 1
github.com/Trinoooo/eggie_kv/storage/core/ragdoll/wal/wal.go:64.43,67.2 2 1
github.com/Trinoooo/eggie_kv/storage/core/ragdoll/wal/wal.go:69.36,70.48 1 1
github.com/Trinoooo/eggie_kv/storage/core/ragdoll/wal/wal.go:70.48,72.3 1 0
github.com/Trinoooo/eggie_kv/storage/core/ragdoll/wal/wal.go:74.2,74.46 1 1
github.com/Trinoooo/eggie_kv/storage/core/ragdoll/wal/wal.go:74.46,76.3 1 0
github.com/Trinoooo/eggie_kv/storage/core/ragdoll/wal/wal.go:78.2,78.31 1 1
github.com/Trinoooo/eggie_kv/storage/core/ragdoll/wal/wal.go:78.31,80.3 1 0
github.com/Trinoooo/eggie_kv/storage/core/ragdoll/wal/wal.go:82.2,82.12 1 1
github.com/Trinoooo/eggie_kv/storage/core/ragdoll/wal/wal.go:107.56,108.17 1 1
github.com/Trinoooo/eggie_kv/storage/core/ragdoll/wal/wal.go:108.17,110.3 1 1
github.com/Trinoooo/eggie_kv/storage/core/ragdoll/wal/wal.go:112.2,113.16 2 1
github.com/Trinoooo/eggie_kv/storage/core/ragdoll/wal/wal.go:113.16,115.3 1 0
github.com/Trinoooo/eggie_kv/storage/core/ragdoll/wal/wal.go:117.2,127.16 3 1
github.com/Trinoooo/eggie_kv/storage/core/ragdoll/wal/wal.go:127.16,129.3 1 0
github.com/Trinoooo/eggie_kv/storage/core/ragdoll/wal/wal.go:131.2,131.21 1 1
github.com/Trinoooo/eggie_kv/storage/core/ragdoll/wal/wal.go:131.21,133.3 1 1
github.com/Trinoooo/eggie_kv/storage/core/ragdoll/wal/wal.go:134.2,134.17 1 1
github.com/Trinoooo/eggie_kv/storage/core/ragdoll/wal/wal.go:138.30,141.36 2 1
github.com/Trinoooo/eggie_kv/storage/core/ragdoll/wal/wal.go:141.36,142.65 1 0
github.com/Trinoooo/eggie_kv/storage/core/ragdoll/wal/wal.go:142.65,144.4 1 0
github.com/Trinoooo/eggie_kv/storage/core/ragdoll/wal/wal.go:146.3,147.17 2 0
github.com/Trinoooo/eggie_kv/storage/core/ragdoll/wal/wal.go:147.17,149.4 1 0
github.com/Trinoooo/eggie_kv/storage/core/ragdoll/wal/wal.go:150.8,150.23 1 1
github.com/Trinoooo/eggie_kv/storage/core/ragdoll/wal/wal.go:150.23,152.3 1 0
github.com/Trinoooo/eggie_kv/storage/core/ragdoll/wal/wal.go:154.2,154.19 1 1
github.com/Trinoooo/eggie_kv/storage/core/ragdoll/wal/wal.go:154.19,156.3 1 0
github.com/Trinoooo/eggie_kv/storage/core/ragdoll/wal/wal.go:158.2,160.89 2 1
github.com/Trinoooo/eggie_kv/storage/core/ragdoll/wal/wal.go:160.89,161.17 1 1
github.com/Trinoooo/eggie_kv/storage/core/ragdoll/wal/wal.go:161.17,163.4 1 0
github.com/Trinoooo/eggie_kv/storage/core/ragdoll/wal/wal.go:165.3,165.23 1 1
github.com/Trinoooo/eggie_kv/storage/core/ragdoll/wal/wal.go:165.23,167.4 1 1
github.com/Trinoooo/eggie_kv/storage/core/ragdoll/wal/wal.go:169.3,169.17 1 1
github.com/Trinoooo/eggie_kv/storage/core/ragdoll/wal/wal.go:169.17,172.4 1 0
github.com/Trinoooo/eggie_kv/storage/core/ragdoll/wal/wal.go:174.3,177.17 4 1
github.com/Trinoooo/eggie_kv/storage/core/ragdoll/wal/wal.go:177.17,179.4 1 0
github.com/Trinoooo/eggie_kv/storage/core/ragdoll/wal/wal.go:181.3,181.16 1 1
github.com/Trinoooo/eggie_kv/storage/core/ragdoll/wal/wal.go:181.16,184.28 1 1
github.com/Trinoooo/eggie_kv/storage/core/ragdoll/wal/wal.go:184.28,186.5 1 1
github.com/Trinoooo/eggie_kv/storage/core/ragdoll/wal/wal.go:186.10,188.64 2 0
github.com/Trinoooo/eggie_kv/storage/core/ragdoll/wal/wal.go:188.64,191.6 2 0
github.com/Trinoooo/eggie_kv/storage/core/ragdoll/wal/wal.go:193.5,194.19 2 0
github.com/Trinoooo/eggie_kv/storage/core/ragdoll/wal/wal.go:194.19,196.6 1 0
github.com/Trinoooo/eggie_kv/storage/core/ragdoll/wal/wal.go:199.3,199.13 1 1
github.com/Trinoooo/eggie_kv/storage/core/ragdoll/wal/wal.go:200.17,202.3 1 0
github.com/Trinoooo/eggie_kv/storage/core/ragdoll/wal/wal.go:204.2,204.26 1 1
github.com/Trinoooo/eggie_kv/storage/core/ragdoll/wal/wal.go:204.26,206.3 1 0
github.com/Trinoooo/eggie_kv/storage/core/ragdoll/wal/wal.go:208.2,209.16 2 1
github.com/Trinoooo/eggie_kv/storage/core/ragdoll/wal/wal.go:209.16,210.40 1 0
github.com/Trinoooo/eggie_kv/storage/core/ragdoll/wal/wal.go:210.40,212.4 1 0
github.com/Trinoooo/eggie_kv/storage/core/ragdoll/wal/wal.go:213.3,213.13 1 0
github.com/Trinoooo/eggie_kv/storage/core/ragdoll/wal/wal.go:217.2,217.28 1 1
github.com/Trinoooo/eggie_kv/storage/core/ragdoll/wal/wal.go:217.28,222.3 4 0
github.com/Trinoooo/eggie_kv/storage/core/ragdoll/wal/wal.go:222.8,225.38 3 1
github.com/Trinoooo/eggie_kv/storage/core/ragdoll/wal/wal.go:225.38,226.32 1 1
github.com/Trinoooo/eggie_kv/storage/core/ragdoll/wal/wal.go:226.32,229.5 2 1
github.com/Trinoooo/eggie_kv/storage/core/ragdoll/wal/wal.go:232.3,232.98 1 1
github.com/Trinoooo/eggie_kv/storage/core/ragdoll/wal/wal.go:237.2,237.21 1 1
github.com/Trinoooo/eggie_kv/storage/core/ragdoll/wal/wal.go:237.21,238.13 1 1
github.com/Trinoooo/eggie_kv/storage/core/ragdoll/wal/wal.go:238.13,241.8 3 1
github.com/Trinoooo/eggie_kv/storage/core/ragdoll/wal/wal.go:241.8,242.12 1 1
github.com/Trinoooo/eggie_kv/storage/core/ragdoll/wal/wal.go:243.25,244.12 1 1
github.com/Trinoooo/eggie_kv/storage/core/ragdoll/wal/wal.go:245.21,248.20 2 1
github.com/Trinoooo/eggie_kv/storage/core/ragdoll/wal/wal.go:248.20,251.7 2 0
github.com/Trinoooo/eggie_kv/storage/core/ragdoll/wal/wal.go:252.6,255.20 3 1
github.com/Trinoooo/eggie_kv/storage/core/ragdoll/wal/wal.go:255.20,260.7 4 0
github.com/Trinoooo/eggie_kv/storage/core/ragdoll/wal/wal.go:266.2,266.12 1 1
github.com/Trinoooo/eggie_kv/storage/core/ragdoll/wal/wal.go:269.31,273.16 3 1
github.com/Trinoooo/eggie_kv/storage/core/ragdoll/wal/wal.go:273.16,275.3 1 0
github.com/Trinoooo/eggie_kv/storage/core/ragdoll/wal/wal.go:277.2,278.16 2 1
github.com/Trinoooo/eggie_kv/storage/core/ragdoll/wal/wal.go:278.16,280.3 1 0
github.com/Trinoooo/eggie_kv/storage/core/ragdoll/wal/wal.go:282.2,286.12 3 1
github.com/Trinoooo/eggie_kv/storage/core/ragdoll/wal/wal.go:293.51,298.16 4 1
github.com/Trinoooo/eggie_kv/storage/core/ragdoll/wal/wal.go:298.16,300.3 1 0
github.com/Trinoooo/eggie_kv/storage/core/ragdoll/wal/wal.go:304.2,305.43 2 1
github.com/Trinoooo/eggie_kv/storage/core/ragdoll/wal/wal.go:305.43,307.3 1 0
github.com/Trinoooo/eggie_kv/storage/core/ragdoll/wal/wal.go:308.2,311.16 3 1
github.com/Trinoooo/eggie_kv/storage/core/ragdoll/wal/wal.go:311.16,314.44 1 1
github.com/Trinoooo/eggie_kv/storage/core/ragdoll/wal/wal.go:314.44,316.18 2 1
github.com/Trinoooo/eggie_kv/storage/core/ragdoll/wal/wal.go:316.18,318.5 1 0
github.com/Trinoooo/eggie_kv/storage/core/ragdoll/wal/wal.go:320.4,323.18 4 1
github.com/Trinoooo/eggie_kv/storage/core/ragdoll/wal/wal.go:323.18,325.5 1 0
github.com/Trinoooo/eggie_kv/storage/core/ragdoll/wal/wal.go:332.4,333.18 2 1
github.com/Trinoooo/eggie_kv/storage/core/ragdoll/wal/wal.go:333.18,335.5 1 0
github.com/Trinoooo/eggie_kv/storage/core/ragdoll/wal/wal.go:336.4,341.18 3 1
github.com/Trinoooo/eggie_kv/storage/core/ragdoll/wal/wal.go:341.18,343.5 1 0
github.com/Trinoooo/eggie_kv/storage/core/ragdoll/wal/wal.go:344.9,346.4 1 0
github.com/Trinoooo/eggie_kv/storage/core/ragdoll/wal/wal.go:349.2,349.22 1 1
github.com/Trinoooo/eggie_kv/storage/core/ragdoll/wal/wal.go:349.22,351.17 2 0
github.com/Trinoooo/eggie_kv/storage/core/ragdoll/wal/wal.go:351.17,353.4 1 0
github.com/Trinoooo/eggie_kv/storage/core/ragdoll/wal/wal.go:356.2,356.30 1 1
github.com/Trinoooo/eggie_kv/storage/core/ragdoll/wal/wal.go:359.49,364.16 4 1
github.com/Trinoooo/eggie_kv/storage/core/ragdoll/wal/wal.go:364.16,366.3 1 0
github.com/Trinoooo/eggie_kv/storage/core/ragdoll/wal/wal.go:368.2,369.16 2 1
github.com/Trinoooo/eggie_kv/storage/core/ragdoll/wal/wal.go:369.16,371.3 1 1
github.com/Trinoooo/eggie_kv/storage/core/ragdoll/wal/wal.go:373.2,375.65 3 0
github.com/Trinoooo/eggie_kv/storage/core/ragdoll/wal/wal.go:375.65,377.3 1 0
github.com/Trinoooo/eggie_kv/storage/core/ragdoll/wal/wal.go:379.2,379.40 1 0
github.com/Trinoooo/eggie_kv/storage/core/ragdoll/wal/wal.go:379.40,381.17 2 0
github.com/Trinoooo/eggie_kv/storage/core/ragdoll/wal/wal.go:381.17,383.4 1 0
github.com/Trinoooo/eggie_kv/storage/core/ragdoll/wal/wal.go:386.2,387.30 2 0
github.com/Trinoooo/eggie_kv/storage/core/ragdoll/wal/wal.go:387.30,389.17 2 0
github.com/Trinoooo/eggie_kv/storage/core/ragdoll/wal/wal.go:389.17,391.4 1 0
github.com/Trinoooo/eggie_kv/storage/core/ragdoll/wal/wal.go:394.2,394.32 1 0
github.com/Trinoooo/eggie_kv/storage/core/ragdoll/wal/wal.go:397.30,402.16 4 1
github.com/Trinoooo/eggie_kv/storage/core/ragdoll/wal/wal.go:402.16,404.3 1 0
github.com/Trinoooo/eggie_kv/storage/core/ragdoll/wal/wal.go:406.2,406.33 1 1
github.com/Trinoooo/eggie_kv/storage/core/ragdoll/wal/wal.go:409.43,414.16 4 1
github.com/Trinoooo/eggie_kv/storage/core/ragdoll/wal/wal.go:414.16,416.3 1 0
github.com/Trinoooo/eggie_kv/storage/core/ragdoll/wal/wal.go:418.2,419.16 2 1
github.com/Trinoooo/eggie_kv/storage/core/ragdoll/wal/wal.go:419.16,421.3 1 1
github.com/Trinoooo/eggie_kv/storage/core/ragdoll/wal/wal.go:423.2,425.35 3 1
github.com/Trinoooo/eggie_kv/storage/core/ragdoll/wal/wal.go:425.35,429.15 3 1
github.com/Trinoooo/eggie_kv/storage/core/ragdoll/wal/wal.go:429.15,430.32 1 1
github.com/Trinoooo/eggie_kv/storage/core/ragdoll/wal/wal.go:430.32,432.19 2 0
github.com/Trinoooo/eggie_kv/storage/core/ragdoll/wal/wal.go:432.19,434.6 1 0
github.com/Trinoooo/eggie_kv/storage/core/ragdoll/wal/wal.go:436.5,437.19 2 0
github.com/Trinoooo/eggie_kv/storage/core/ragdoll/wal/wal.go:437.19,439.6 1 0
github.com/Trinoooo/eggie_kv/storage/core/ragdoll/wal/wal.go:441.5,441.60 1 0
github.com/Trinoooo/eggie_kv/storage/core/ragdoll/wal/wal.go:442.10,444.19 2 1
github.com/Trinoooo/eggie_kv/storage/core/ragdoll/wal/wal.go:444.19,446.6 1 0
github.com/Trinoooo/eggie_kv/storage/core/ragdoll/wal/wal.go:448.5,449.19 2 1
github.com/Trinoooo/eggie_kv/storage/core/ragdoll/wal/wal.go:449.19,451.6 1 0
github.com/Trinoooo/eggie_kv/storage/core/ragdoll/wal/wal.go:453.5,454.19 2 1
github.com/Trinoooo/eggie_kv/storage/core/ragdoll/wal/wal.go:454.19,456.6 1 0
github.com/Trinoooo/eggie_kv/storage/core/ragdoll/wal/wal.go:458.5,458.20 1 1
github.com/Trinoooo/eggie_kv/storage/core/ragdoll/wal/wal.go:458.20,460.6 1 1
github.com/Trinoooo/eggie_kv/storage/core/ragdoll/wal/wal.go:465.2,465.12 1 1
github.com/Trinoooo/eggie_kv/storage/core/ragdoll/wal/wal.go:468.49,471.60 2 1
github.com/Trinoooo/eggie_kv/storage/core/ragdoll/wal/wal.go:471.60,473.3 1 1
github.com/Trinoooo/eggie_kv/storage/core/ragdoll/wal/wal.go:475.2,475.17 1 1
github.com/Trinoooo/eggie_kv/storage/core/ragdoll/wal/wal.go:475.17,477.3 1 0
github.com/Trinoooo/eggie_kv/storage/core/ragdoll/wal/wal.go:479.2,479.29 1 1
github.com/Trinoooo/eggie_kv/storage/core/ragdoll/wal/wal.go:482.36,483.16 1 1
github.com/Trinoooo/eggie_kv/storage/core/ragdoll/wal/wal.go:483.16,485.3 1 0
github.com/Trinoooo/eggie_kv/storage/core/ragdoll/wal/wal.go:485.8,485.26 1 1
github.com/Trinoooo/eggie_kv/storage/core/ragdoll/wal/wal.go:485.26,487.3 1 0
github.com/Trinoooo/eggie_kv/storage/core/ragdoll/wal/wal.go:487.8,487.25 1 1
github.com/Trinoooo/eggie_kv/storage/core/ragdoll/wal/wal.go:487.25,489.3 1 0
github.com/Trinoooo/eggie_kv/storage/core/ragdoll/wal/wal.go:490.2,490.12 1 1
github.com/Trinoooo/eggie_kv/storage/core/ragdoll/wal/wal.go:493.32,494.47 1 1
github.com/Trinoooo/eggie_kv/storage/core/ragdoll/wal/wal.go:494.47,496.3 1 1
github.com/Trinoooo/eggie_kv/storage/core/ragdoll/wal/wal.go:499.45,502.98 1 1
github.com/Trinoooo/eggie_kv/storage/core/ragdoll/wal/wal.go:502.98,504.3 1 1
github.com/Trinoooo/eggie_kv/storage/core/ragdoll/wal/wal.go:508.2,508.97 1 1
github.com/Trinoooo/eggie_kv/storage/core/ragdoll/wal/wal.go:508.97,510.3 1 0
github.com/Trinoooo/eggie_kv/storage/core/ragdoll/wal/wal.go:512.2,512.12 1 1
